Logfile initialized
[INFO] logfile = /Volumes/DataPartition/Users/ewing/Documents/Titanium_Studio_Workspace/AndroidPinball/build.log
[DEBUG] /Volumes/DataPartition/Users/ewing/Library/Application Support/Titanium/mobilesdk/osx/2.1.4.GA/android/builder.py install AndroidPinball /Library/Frameworks/Android/android-sdk-macosx /Volumes/DataPartition/Users/ewing/Documents/Titanium_Studio_Workspace/AndroidPinball co.lanica.pinball 3
[INFO] Titanium SDK version: 2.1.4 (11/09/12 12:46 51f2c64)
[DEBUG] Waiting for device to be ready ...
[TRACE] adb devices returned 1 devices/emulators
[DEBUG] Device connected... (waited 0 seconds)
[DEBUG] waited 0.027392 seconds on emulator to get ready
[DEBUG] co.lanica.pinball installed? False
[INFO] Copying CommonJS modules...
[INFO] Copying project resources..
[TRACE] COPYING MODIFIED FILE: /Volumes/DataPartition/Users/ewing/Documents/Titanium_Studio_Workspace/AndroidPinball/Resources/world.js => /Volumes/DataPartition/Users/ewing/Documents/Titanium_Studio_Workspace/AndroidPinball/build/android/bin/assets/Resources/world.js
[TRACE] Generating Java Classes
[DEBUG] Processing Android resource drawables
[DEBUG] copying app icon: /Volumes/DataPartition/Users/ewing/Documents/Titanium_Studio_Workspace/AndroidPinball/build/android/bin/assets/Resources/appicon.png
[DEBUG] generating theme.xml
[DEBUG] found drawable-long-land-hdpi splash screen at /Volumes/DataPartition/Users/ewing/Documents/Titanium_Studio_Workspace/AndroidPinball/Resources/android/images/res-long-land-hdpi/default.png
[DEBUG] copying /Volumes/DataPartition/Users/ewing/Documents/Titanium_Studio_Workspace/AndroidPinball/Resources/android/images/res-long-land-hdpi/default.png splash screen to /Volumes/DataPartition/Users/ewing/Documents/Titanium_Studio_Workspace/AndroidPinball/build/android/res/drawable-long-land-hdpi/background.png
[DEBUG] found drawable-long-land-ldpi splash screen at /Volumes/DataPartition/Users/ewing/Documents/Titanium_Studio_Workspace/AndroidPinball/Resources/android/images/res-long-land-ldpi/default.png
[DEBUG] copying /Volumes/DataPartition/Users/ewing/Documents/Titanium_Studio_Workspace/AndroidPinball/Resources/android/images/res-long-land-ldpi/default.png splash screen to /Volumes/DataPartition/Users/ewing/Documents/Titanium_Studio_Workspace/AndroidPinball/build/android/res/drawable-long-land-ldpi/background.png
[DEBUG] found drawable-long-port-hdpi splash screen at /Volumes/DataPartition/Users/ewing/Documents/Titanium_Studio_Workspace/AndroidPinball/Resources/android/images/res-long-port-hdpi/default.png
[DEBUG] copying /Volumes/DataPartition/Users/ewing/Documents/Titanium_Studio_Workspace/AndroidPinball/Resources/android/images/res-long-port-hdpi/default.png splash screen to /Volumes/DataPartition/Users/ewing/Documents/Titanium_Studio_Workspace/AndroidPinball/build/android/res/drawable-long-port-hdpi/background.png
[DEBUG] found drawable-long-port-ldpi splash screen at /Volumes/DataPartition/Users/ewing/Documents/Titanium_Studio_Workspace/AndroidPinball/Resources/android/images/res-long-port-ldpi/default.png
[DEBUG] copying /Volumes/DataPartition/Users/ewing/Documents/Titanium_Studio_Workspace/AndroidPinball/Resources/android/images/res-long-port-ldpi/default.png splash screen to /Volumes/DataPartition/Users/ewing/Documents/Titanium_Studio_Workspace/AndroidPinball/build/android/res/drawable-long-port-ldpi/background.png
[DEBUG] found drawable-notlong-land-hdpi splash screen at /Volumes/DataPartition/Users/ewing/Documents/Titanium_Studio_Workspace/AndroidPinball/Resources/android/images/res-notlong-land-hdpi/default.png
[DEBUG] copying /Volumes/DataPartition/Users/ewing/Documents/Titanium_Studio_Workspace/AndroidPinball/Resources/android/images/res-notlong-land-hdpi/default.png splash screen to /Volumes/DataPartition/Users/ewing/Documents/Titanium_Studio_Workspace/AndroidPinball/build/android/res/drawable-notlong-land-hdpi/background.png
[DEBUG] found drawable-notlong-land-ldpi splash screen at /Volumes/DataPartition/Users/ewing/Documents/Titanium_Studio_Workspace/AndroidPinball/Resources/android/images/res-notlong-land-ldpi/default.png
[DEBUG] copying /Volumes/DataPartition/Users/ewing/Documents/Titanium_Studio_Workspace/AndroidPinball/Resources/android/images/res-notlong-land-ldpi/default.png splash screen to /Volumes/DataPartition/Users/ewing/Documents/Titanium_Studio_Workspace/AndroidPinball/build/android/res/drawable-notlong-land-ldpi/background.png
[DEBUG] found drawable-notlong-land-mdpi splash screen at /Volumes/DataPartition/Users/ewing/Documents/Titanium_Studio_Workspace/AndroidPinball/Resources/android/images/res-notlong-land-mdpi/default.png
[DEBUG] copying /Volumes/DataPartition/Users/ewing/Documents/Titanium_Studio_Workspace/AndroidPinball/Resources/android/images/res-notlong-land-mdpi/default.png splash screen to /Volumes/DataPartition/Users/ewing/Documents/Titanium_Studio_Workspace/AndroidPinball/build/android/res/drawable-notlong-land-mdpi/background.png
[DEBUG] found drawable-notlong-port-hdpi splash screen at /Volumes/DataPartition/Users/ewing/Documents/Titanium_Studio_Workspace/AndroidPinball/Resources/android/images/res-notlong-port-hdpi/default.png
[DEBUG] copying /Volumes/DataPartition/Users/ewing/Documents/Titanium_Studio_Workspace/AndroidPinball/Resources/android/images/res-notlong-port-hdpi/default.png splash screen to /Volumes/DataPartition/Users/ewing/Documents/Titanium_Studio_Workspace/AndroidPinball/build/android/res/drawable-notlong-port-hdpi/background.png
[DEBUG] found drawable-notlong-port-ldpi splash screen at /Volumes/DataPartition/Users/ewing/Documents/Titanium_Studio_Workspace/AndroidPinball/Resources/android/images/res-notlong-port-ldpi/default.png
[DEBUG] copying /Volumes/DataPartition/Users/ewing/Documents/Titanium_Studio_Workspace/AndroidPinball/Resources/android/images/res-notlong-port-ldpi/default.png splash screen to /Volumes/DataPartition/Users/ewing/Documents/Titanium_Studio_Workspace/AndroidPinball/build/android/res/drawable-notlong-port-ldpi/background.png
[DEBUG] found drawable-notlong-port-mdpi splash screen at /Volumes/DataPartition/Users/ewing/Documents/Titanium_Studio_Workspace/AndroidPinball/Resources/android/images/res-notlong-port-mdpi/default.png
[DEBUG] copying /Volumes/DataPartition/Users/ewing/Documents/Titanium_Studio_Workspace/AndroidPinball/Resources/android/images/res-notlong-port-mdpi/default.png splash screen to /Volumes/DataPartition/Users/ewing/Documents/Titanium_Studio_Workspace/AndroidPinball/build/android/res/drawable-notlong-port-mdpi/background.png
[DEBUG] found splash screen at /Volumes/DataPartition/Users/ewing/Documents/Titanium_Studio_Workspace/AndroidPinball/build/android/bin/assets/Resources/default.png
[TRACE] Writing out AndroidManifest.xml
[DEBUG] adding /Volumes/DataPartition/Users/ewing/Documents/Titanium_Studio_Workspace/AndroidPinball/build/android/gen/co/lanica/pinball/AndroidpinballActivity.java to javac build list
[DEBUG] adding /Volumes/DataPartition/Users/ewing/Documents/Titanium_Studio_Workspace/AndroidPinball/build/android/gen/co/lanica/pinball/AndroidpinballAppInfo.java to javac build list
[DEBUG] adding /Volumes/DataPartition/Users/ewing/Documents/Titanium_Studio_Workspace/AndroidPinball/build/android/gen/co/lanica/pinball/AndroidpinballApplication.java to javac build list
[DEBUG] adding /Volumes/DataPartition/Users/ewing/Documents/Titanium_Studio_Workspace/AndroidPinball/build/android/gen/co/lanica/pinball/R.java to javac build list
[DEBUG] Building Java Sources: "/Volumes/DataPartition/Users/ewing/Documents/Titanium_Studio_Workspace/AndroidPinball/build/android/gen/co/lanica/pinball/AndroidpinballActivity.java" "/Volumes/DataPartition/Users/ewing/Documents/Titanium_Studio_Workspace/AndroidPinball/build/android/gen/co/lanica/pinball/AndroidpinballAppInfo.java" "/Volumes/DataPartition/Users/ewing/Documents/Titanium_Studio_Workspace/AndroidPinball/build/android/gen/co/lanica/pinball/AndroidpinballApplication.java" "/Volumes/DataPartition/Users/ewing/Documents/Titanium_Studio_Workspace/AndroidPinball/build/android/gen/co/lanica/pinball/R.java"
[INFO] Compiling Android Resources... This could take some time
[DEBUG] Android classes.dex built
[DEBUG] creating unsigned apk: /Volumes/DataPartition/Users/ewing/Documents/Titanium_Studio_Workspace/AndroidPinball/build/android/bin/app-unsigned.apk
[DEBUG] from resource zip => assets/Resources/images/ball.png
[DEBUG] from resource zip => assets/Resources/images/bg.png
[DEBUG] from resource zip => assets/Resources/images/bumper10.png
[DEBUG] from resource zip => assets/Resources/images/bumper50.png
[DEBUG] from resource zip => assets/Resources/images/flipper_l.png
[DEBUG] from resource zip => assets/Resources/images/flipper_r.png
[DEBUG] from resource zip => assets/Resources/images/gamebg.png
[DEBUG] from resource zip => assets/Resources/images/spring.png
[DEBUG] from resource zip => assets/Resources/KS_nav_ui.png
[DEBUG] from resource zip => assets/Resources/KS_nav_views.png
[DEBUG] from resource zip => assets/Resources/app.js
[DEBUG] from resource zip => assets/Resources/appicon.png
[DEBUG] from resource zip => assets/Resources/default.png
[DEBUG] from resource zip => assets/Resources/ui.js
[DEBUG] from resource zip => assets/Resources/world.js
[DEBUG] from resource zip => assets/app.json
[DEBUG] from resource zip => assets/index.json
[DEBUG] from resource zip => assets/tiapp.xml
[DEBUG] from resource zip => res/drawable/appicon.png
[DEBUG] from resource zip => res/drawable/background.png
[DEBUG] from resource zip => res/layout/titanium_tabgroup.xml
[DEBUG] from resource zip => AndroidManifest.xml
[DEBUG] from resource zip => resources.arsc
[DEBUG] from resource zip => res/drawable-long-land-hdpi/background.png
[DEBUG] from resource zip => res/drawable-long-land-ldpi/background.png
[DEBUG] from resource zip => res/drawable-long-port-hdpi/background.png
[DEBUG] from resource zip => res/drawable-long-port-ldpi/background.png
[DEBUG] from resource zip => res/drawable-notlong-land-hdpi/background.png
[DEBUG] from resource zip => res/drawable-notlong-land-ldpi/background.png
[DEBUG] from resource zip => res/drawable-notlong-land-mdpi/background.png
[DEBUG] from resource zip => res/drawable-notlong-port-hdpi/background.png
[DEBUG] from resource zip => res/drawable-notlong-port-ldpi/background.png
[DEBUG] from resource zip => res/drawable-notlong-port-mdpi/background.png
[DEBUG] from JAR /Volumes/DataPartition/Users/ewing/Library/Application Support/Titanium/mobilesdk/osx/2.1.4.GA/android/modules/titanium-ui.jar => ti/modules/titanium/ui/widget/webview/binding.js
[DEBUG] from JAR /Volumes/DataPartition/Users/ewing/Library/Application Support/Titanium/mobilesdk/osx/2.1.4.GA/android/modules/titanium-ui.jar => ti/modules/titanium/ui/widget/webview/binding.min.js
[DEBUG] from JAR /Volumes/DataPartition/Users/ewing/Library/Application Support/Titanium/mobilesdk/osx/2.1.4.GA/android/modules/titanium-ui.jar => ti/modules/titanium/ui/widget/webview/json2.js
[DEBUG] from JAR /Volumes/DataPartition/Users/ewing/Library/Application Support/Titanium/mobilesdk/osx/2.1.4.GA/android/modules/titanium-ui.jar => ti/modules/titanium/ui/widget/webview/polling.js
[DEBUG] from JAR /Volumes/DataPartition/Users/ewing/Library/Application Support/Titanium/mobilesdk/osx/2.1.4.GA/android/modules/titanium-ui.jar => ti/modules/titanium/ui/widget/webview/polling.min.js
[DEBUG] from JAR /Volumes/DataPartition/Users/ewing/Library/Application Support/Titanium/mobilesdk/osx/2.1.4.GA/android/titanium.jar => org/appcelerator/titanium/build.properties
[DEBUG] from JAR /Volumes/DataPartition/Users/ewing/Library/Application Support/Titanium/mobilesdk/osx/2.1.4.GA/android/titanium.jar => org/appcelerator/titanium/res/drawable/background.png
[DEBUG] from JAR /Volumes/DataPartition/Users/ewing/Library/Application Support/Titanium/mobilesdk/osx/2.1.4.GA/android/titanium.jar => org/appcelerator/titanium/res/drawable/btn_check_buttonless_on.png
[DEBUG] from JAR /Volumes/DataPartition/Users/ewing/Library/Application Support/Titanium/mobilesdk/osx/2.1.4.GA/android/titanium.jar => org/appcelerator/titanium/res/drawable/btn_check_buttonless_on_18.png
[DEBUG] from JAR /Volumes/DataPartition/Users/ewing/Library/Application Support/Titanium/mobilesdk/osx/2.1.4.GA/android/titanium.jar => org/appcelerator/titanium/res/drawable/btn_check_buttonless_on_48.png
[DEBUG] from JAR /Volumes/DataPartition/Users/ewing/Library/Application Support/Titanium/mobilesdk/osx/2.1.4.GA/android/titanium.jar => org/appcelerator/titanium/res/drawable/btn_more.png
[DEBUG] from JAR /Volumes/DataPartition/Users/ewing/Library/Application Support/Titanium/mobilesdk/osx/2.1.4.GA/android/titanium.jar => org/appcelerator/titanium/res/drawable/btn_more_18.png
[DEBUG] from JAR /Volumes/DataPartition/Users/ewing/Library/Application Support/Titanium/mobilesdk/osx/2.1.4.GA/android/titanium.jar => org/appcelerator/titanium/res/drawable/btn_more_48.png
[DEBUG] from JAR /Volumes/DataPartition/Users/ewing/Library/Application Support/Titanium/mobilesdk/osx/2.1.4.GA/android/titanium.jar => org/appcelerator/titanium/res/drawable/btn_picker_normal.9.png
[DEBUG] from JAR /Volumes/DataPartition/Users/ewing/Library/Application Support/Titanium/mobilesdk/osx/2.1.4.GA/android/titanium.jar => org/appcelerator/titanium/res/drawable/btn_picker_pressed.9.png
[DEBUG] from JAR /Volumes/DataPartition/Users/ewing/Library/Application Support/Titanium/mobilesdk/osx/2.1.4.GA/android/titanium.jar => org/appcelerator/titanium/res/drawable/btn_picker_selected.9.png
[DEBUG] from JAR /Volumes/DataPartition/Users/ewing/Library/Application Support/Titanium/mobilesdk/osx/2.1.4.GA/android/titanium.jar => org/appcelerator/titanium/res/drawable/default_icon.png
[DEBUG] from JAR /Volumes/DataPartition/Users/ewing/Library/Application Support/Titanium/mobilesdk/osx/2.1.4.GA/android/titanium.jar => org/appcelerator/titanium/res/drawable/photoDefault.png
[DEBUG] installing native lib: /Volumes/DataPartition/Users/ewing/Library/Application Support/Titanium/modules/android/co.lanica.platino/1.4/libs/armeabi/libbldparser.so
[DEBUG] installing native lib: /Volumes/DataPartition/Users/ewing/Library/Application Support/Titanium/modules/android/co.lanica.platino/1.4/libs/armeabi/libco.lanica.platino.so
[DEBUG] installing native lib: /Volumes/DataPartition/Users/ewing/Library/Application Support/Titanium/modules/android/co.lanica.platino/1.4/libs/armeabi-v7a/libbldparser.so
[DEBUG] installing native lib: /Volumes/DataPartition/Users/ewing/Library/Application Support/Titanium/modules/android/co.lanica.platino/1.4/libs/armeabi-v7a/libco.lanica.platino.so
[DEBUG] installing native lib: /Volumes/DataPartition/Users/ewing/Library/Application Support/Titanium/modules/android/co.lanica.platino/1.4/libs/x86/libbldparser.so
[DEBUG] installing native lib: /Volumes/DataPartition/Users/ewing/Library/Application Support/Titanium/modules/android/co.lanica.platino/1.4/libs/x86/libco.lanica.platino.so
[DEBUG] installing native lib: /Volumes/DataPartition/Users/ewing/Library/Application Support/Titanium/modules/android/org.box2d.box2d/0.1/libs/armeabi-v7a/libBox2D.so
[DEBUG] installing native lib: /Volumes/DataPartition/Users/ewing/Library/Application Support/Titanium/modules/android/org.box2d.box2d/0.1/libs/armeabi-v7a/libBox2Dgdx.so
[DEBUG] installing native lib: /Volumes/DataPartition/Users/ewing/Library/Application Support/Titanium/modules/android/org.box2d.box2d/0.1/libs/armeabi-v7a/liborg.box2d.box2d.so
[DEBUG] installing native SDK libs
[DEBUG] Waiting for device to be ready ...
[TRACE] adb devices returned 1 devices/emulators
[DEBUG] Device connected... (waited 0 seconds)
[DEBUG] waited 0.021616 seconds on emulator to get ready
[INFO] Installing application on device
[INFO] Application installed. Launch from drawer on Home Screen
